<?xml version="1.0" encoding="utf-8"?>
<testsuite errors="0" failures="0" name="unittest.suite.TestSuite" tests="1" time="106.409">
  <testcase classname="__main__.RebtelAndroidTest" name="test_RecentMenu" time="94.6160"></testcase>
  <system-out><![CDATA[2015-08-12 13:14:05 - Setting up device ...
2015-08-12 13:14:16 - Logging in ...
2015-08-12 13:14:58 - Running test_RecentMenu ...
2015-08-12 13:15:05 - Dialing phone number ...
2015-08-12 13:15:21 - Call ...
2015-08-12 13:15:28 - Hang up ...
2015-08-12 13:15:35 - Verifying the call in Recent menu ...
2015-08-12 13:15:39 - Logging out ...
]]></system-out>
  <system-err><![CDATA[]]></system-err>
</testsuite>
